This file contains any messages produced by compilers while
running configure, to aid debugging if configure makes a mistake.

It was created by libsoup configure 2.41.5, which was
generated by GNU Autoconf 2.69.  Invocation command line was

  $ ./configure 

## --------- ##
## Platform. ##
## --------- ##

hostname = ns2
uname -m = i686
uname -r = 3.4.9-x86-smp
uname -s = Linux
uname -v = #1 SMP PREEMPT Sat Aug 18 16:18:05 SAST 2012

/usr/bin/uname -p = unknown
/bin/uname -X     = unknown

/bin/arch              = i686
/usr/bin/arch -k       = unknown
/usr/convex/getsysinfo = unknown
/usr/bin/hostinfo      = unknown
/bin/machine           = unknown
/usr/bin/oslevel       = unknown
/bin/universe          = unknown

PATH: /usr/lib/jvm/jdk-1.7.0_09//bin
PATH: /usr/local/sbin
PATH: /usr/sbin
PATH: /sbin
PATH: /usr/local/bin
PATH: /usr/bin
PATH: /bin
PATH: /usr/X11R7/bin
PATH: /opt/sophos/bin


## ----------- ##
## Core tests. ##
## ----------- ##

configure:2332: checking for a BSD-compatible install
configure:2400: result: /usr/bin/ginstall -c
configure:2411: checking whether build environment is sane
configure:2466: result: yes
configure:2617: checking for a thread-safe mkdir -p
configure:2656: result: /usr/bin/mkdir -p
configure:2663: checking for gawk
configure:2679: found /usr/bin/gawk
configure:2690: result: gawk
configure:2701: checking whether make sets $(MAKE)
configure:2723: result: yes
configure:2752: checking whether make supports nested variables
configure:2769: result: yes
configure:2864: checking whether make supports nested variables
configure:2881: result: yes
configure:2893: checking whether make sets $(MAKE)
configure:2915: result: yes
configure:3027: checking for gcc
configure:3043: found /usr/bin/gcc
configure:3054: result: gcc
configure:3283: checking for C compiler version
configure:3292: gcc --version >&5
gcc (GCC) 4.8.1 20130530 (prerelease)
Copyright (C) 2013 Free Software Foundation, Inc.
This is free software; see the source for copying conditions.  There is NO
warranty; not even for MERCHANTABILITY or FITNESS FOR A PARTICULAR PURPOSE.

configure:3303: $? = 0
configure:3292: gcc -v >&5
Using built-in specs.
COLLECT_GCC=gcc
COLLECT_LTO_WRAPPER=/usr/libexec/gcc/i686-linux-gnu/4.8.1/lto-wrapper
Target: i686-linux-gnu
Configured with: ./../configure --prefix=/usr --sysconfdir=/etc/ --mandir=/usr/share/man --localstatedir=/var --infodir=/usr/share/info --libdir=/usr/lib --host=i686-linux-gnu --build=i686-linux-gnu --with-ecj-jar=/usr/share/java/ecj-3.5.2.jar --enable-lto --enable-cloog-backend=isl --enable-java-home --with-system-zlib --target=i686-linux-gnu --with-sysroot=/ --with-jvm-root-dir=/usr/lib/jvm/gcj-jdk --enable-languages=c,c++,fortran,java,lto,objc,obj-c++,go,ada
Thread model: posix
gcc version 4.8.1 20130530 (prerelease) (GCC) 
configure:3303: $? = 0
configure:3292: gcc -V >&5
gcc: error: unrecognized command line option '-V'
gcc: fatal error: no input files
compilation terminated.
configure:3303: $? = 1
configure:3292: gcc -qversion >&5
gcc: error: unrecognized command line option '-qversion'
gcc: fatal error: no input files
compilation terminated.
configure:3303: $? = 1
configure:3323: checking whether the C compiler works
configure:3345: gcc    conftest.c  >&5
configure:3349: $? = 0
configure:3397: result: yes
configure:3400: checking for C compiler default output file name
configure:3402: result: a.out
configure:3408: checking for suffix of executables
configure:3415: gcc -o conftest    conftest.c  >&5
configure:3419: $? = 0
configure:3441: result: 
configure:3463: checking whether we are cross compiling
configure:3471: gcc -o conftest    conftest.c  >&5
configure:3475: $? = 0
configure:3482: ./conftest
configure:3486: $? = 0
configure:3501: result: no
configure:3506: checking for suffix of object files
configure:3528: gcc -c   conftest.c >&5
configure:3532: $? = 0
configure:3553: result: o
configure:3557: checking whether we are using the GNU C compiler
configure:3576: gcc -c   conftest.c >&5
configure:3576: $? = 0
configure:3585: result: yes
configure:3594: checking whether gcc accepts -g
configure:3614: gcc -c -g  conftest.c >&5
configure:3614: $? = 0
configure:3655: result: yes
configure:3672: checking for gcc option to accept ISO C89
configure:3735: gcc  -c -g -O2  conftest.c >&5
configure:3735: $? = 0
configure:3748: result: none needed
configure:3779: checking for style of include used by make
configure:3807: result: GNU
configure:3833: checking dependency style of gcc
configure:3944: result: gcc3
configure:3991: checking build system type
configure:4005: result: i686-pc-linux-gnu
configure:4025: checking host system type
configure:4038: result: i686-pc-linux-gnu
configure:4079: checking how to print strings
configure:4106: result: printf
configure:4127: checking for a sed that does not truncate output
configure:4191: result: /usr/bin/sed
configure:4209: checking for grep that handles long lines and -e
configure:4267: result: /usr/bin/grep
configure:4272: checking for egrep
configure:4334: result: /usr/bin/grep -E
configure:4339: checking for fgrep
configure:4401: result: /usr/bin/grep -F
configure:4436: checking for ld used by gcc
configure:4503: result: /usr/i686-linux-gnu/bin/ld
configure:4510: checking if the linker (/usr/i686-linux-gnu/bin/ld) is GNU ld
configure:4525: result: yes
configure:4537: checking for BSD- or MS-compatible name lister (nm)
configure:4586: result: /usr/bin/nm -B
configure:4716: checking the name lister (/usr/bin/nm -B) interface
configure:4723: gcc -c -g -O2  conftest.c >&5
configure:4726: /usr/bin/nm -B "conftest.o"
configure:4729: output
00000000 B some_variable
configure:4736: result: BSD nm
configure:4739: checking whether ln -s works
configure:4743: result: yes
configure:4751: checking the maximum length of command line arguments
configure:4881: result: 1572864
configure:4898: checking whether the shell understands some XSI constructs
configure:4908: result: yes
configure:4912: checking whether the shell understands "+="
configure:4918: result: yes
configure:4953: checking how to convert i686-pc-linux-gnu file names to i686-pc-linux-gnu format
configure:4993: result: func_convert_file_noop
configure:5000: checking how to convert i686-pc-linux-gnu file names to toolchain format
configure:5020: result: func_convert_file_noop
configure:5027: checking for /usr/i686-linux-gnu/bin/ld option to reload object files
configure:5034: result: -r
configure:5108: checking for objdump
configure:5124: found /usr/bin/objdump
configure:5135: result: objdump
configure:5164: checking how to recognize dependent libraries
configure:5366: result: pass_all
configure:5451: checking for dlltool
configure:5481: result: no
configure:5508: checking how to associate runtime and link libraries
configure:5535: result: printf %s\n
configure:5596: checking for ar
configure:5612: found /usr/bin/ar
configure:5623: result: ar
configure:5660: checking for archiver @FILE support
configure:5677: gcc -c -g -O2  conftest.c >&5
configure:5677: $? = 0
configure:5680: ar cru libconftest.a @conftest.lst >&5
configure:5683: $? = 0
configure:5688: ar cru libconftest.a @conftest.lst >&5
ar: conftest.o: No such file or directory
configure:5691: $? = 1
configure:5703: result: @
configure:5761: checking for strip
configure:5777: found /usr/bin/strip
configure:5788: result: strip
configure:5860: checking for ranlib
configure:5876: found /usr/bin/ranlib
configure:5887: result: ranlib
configure:5989: checking command to parse /usr/bin/nm -B output from gcc object
configure:6109: gcc -c -g -O2  conftest.c >&5
configure:6112: $? = 0
configure:6116: /usr/bin/nm -B conftest.o \| sed -n -e 's/^.*[ ]\([ABCDGIRSTW][ABCDGIRSTW]*\)[ ][ ]*\([_A-Za-z][_A-Za-z0-9]*\)$/\1 \2 \2/p' | sed '/ __gnu_lto/d' \> conftest.nm
configure:6119: $? = 0
configure:6185: gcc -o conftest -g -O2   conftest.c conftstm.o >&5
configure:6188: $? = 0
configure:6226: result: ok
configure:6263: checking for sysroot
configure:6293: result: no
configure:6549: checking for mt
configure:6565: found /usr/bin/mt
configure:6576: result: mt
configure:6599: checking if mt is a manifest tool
configure:6605: mt '-?'
usage: mt [-v] [--version] [-h] [ -f device ] command [ count ]
configure:6613: result: no
configure:7255: checking how to run the C preprocessor
configure:7286: gcc -E  conftest.c
configure:7286: $? = 0
configure:7300: gcc -E  conftest.c
conftest.c:11:28: fatal error: ac_nonexistent.h: No such file or directory
 #include <ac_nonexistent.h>
                            ^
compilation terminated.
configure:7300: $? = 1
configure: failed program was:
| /* confdefs.h */
| #define PACKAGE_NAME "libsoup"
| #define PACKAGE_TARNAME "libsoup"
| #define PACKAGE_VERSION "2.41.5"
| #define PACKAGE_STRING "libsoup 2.41.5"
| #define PACKAGE_BUGREPORT "http://bugzilla.gnome.org/enter_bug.cgi?product=libsoup"
| #define PACKAGE_URL ""
| #define PACKAGE "libsoup"
| #define VERSION "2.41.5"
| /* end confdefs.h.  */
| #include <ac_nonexistent.h>
configure:7325: result: gcc -E
configure:7345: gcc -E  conftest.c
configure:7345: $? = 0
configure:7359: gcc -E  conftest.c
conftest.c:11:28: fatal error: ac_nonexistent.h: No such file or directory
 #include <ac_nonexistent.h>
                            ^
compilation terminated.
configure:7359: $? = 1
configure: failed program was:
| /* confdefs.h */
| #define PACKAGE_NAME "libsoup"
| #define PACKAGE_TARNAME "libsoup"
| #define PACKAGE_VERSION "2.41.5"
| #define PACKAGE_STRING "libsoup 2.41.5"
| #define PACKAGE_BUGREPORT "http://bugzilla.gnome.org/enter_bug.cgi?product=libsoup"
| #define PACKAGE_URL ""
| #define PACKAGE "libsoup"
| #define VERSION "2.41.5"
| /* end confdefs.h.  */
| #include <ac_nonexistent.h>
configure:7388: checking for ANSI C header files
configure:7408: gcc -c -g -O2  conftest.c >&5
configure:7408: $? = 0
configure:7481: gcc -o conftest -g -O2   conftest.c  >&5
configure:7481: $? = 0
configure:7481: ./conftest
configure:7481: $? = 0
configure:7492: result: yes
configure:7505: checking for sys/types.h
configure:7505: gcc -c -g -O2  conftest.c >&5
configure:7505: $? = 0
configure:7505: result: yes
configure:7505: checking for sys/stat.h
configure:7505: gcc -c -g -O2  conftest.c >&5
configure:7505: $? = 0
configure:7505: result: yes
configure:7505: checking for stdlib.h
configure:7505: gcc -c -g -O2  conftest.c >&5
configure:7505: $? = 0
configure:7505: result: yes
configure:7505: checking for string.h
configure:7505: gcc -c -g -O2  conftest.c >&5
configure:7505: $? = 0
configure:7505: result: yes
configure:7505: checking for memory.h
configure:7505: gcc -c -g -O2  conftest.c >&5
configure:7505: $? = 0
configure:7505: result: yes
configure:7505: checking for strings.h
configure:7505: gcc -c -g -O2  conftest.c >&5
configure:7505: $? = 0
configure:7505: result: yes
configure:7505: checking for inttypes.h
configure:7505: gcc -c -g -O2  conftest.c >&5
configure:7505: $? = 0
configure:7505: result: yes
configure:7505: checking for stdint.h
configure:7505: gcc -c -g -O2  conftest.c >&5
configure:7505: $? = 0
configure:7505: result: yes
configure:7505: checking for unistd.h
configure:7505: gcc -c -g -O2  conftest.c >&5
configure:7505: $? = 0
configure:7505: result: yes
configure:7519: checking for dlfcn.h
configure:7519: gcc -c -g -O2  conftest.c >&5
configure:7519: $? = 0
configure:7519: result: yes
configure:8023: checking for objdir
configure:8038: result: .libs
configure:8309: checking if gcc supports -fno-rtti -fno-exceptions
configure:8327: gcc -c -g -O2  -fno-rtti -fno-exceptions conftest.c >&5
cc1: warning: command line option '-fno-rtti' is valid for C++/ObjC++ but not for C [enabled by default]
configure:8331: $? = 0
configure:8344: result: no
configure:8671: checking for gcc option to produce PIC
configure:8678: result: -fPIC -DPIC
configure:8686: checking if gcc PIC flag -fPIC -DPIC works
configure:8704: gcc -c -g -O2  -fPIC -DPIC -DPIC conftest.c >&5
configure:8708: $? = 0
configure:8721: result: yes
configure:8750: checking if gcc static flag -static works
configure:8778: result: yes
configure:8793: checking if gcc supports -c -o file.o
configure:8814: gcc -c -g -O2  -o out/conftest2.o conftest.c >&5
configure:8818: $? = 0
configure:8840: result: yes
configure:8848: checking if gcc supports -c -o file.o
configure:8895: result: yes
configure:8928: checking whether the gcc linker (/usr/i686-linux-gnu/bin/ld) supports shared libraries
configure:10081: result: yes
configure:10118: checking whether -lc should be explicitly linked in
configure:10126: gcc -c -g -O2  conftest.c >&5
configure:10129: $? = 0
configure:10144: gcc -shared  -fPIC -DPIC conftest.o  -v -Wl,-soname -Wl,conftest -o conftest 2\>\&1 \| /usr/bin/grep  -lc  \>/dev/null 2\>\&1
configure:10147: $? = 0
configure:10161: result: no
configure:10321: checking dynamic linker characteristics
configure:10832: gcc -o conftest -g -O2   -Wl,-rpath -Wl,/foo conftest.c  >&5
configure:10832: $? = 0
configure:11054: result: GNU/Linux ld.so
configure:11161: checking how to hardcode library paths into programs
configure:11186: result: immediate
configure:11726: checking whether stripping libraries is possible
configure:11731: result: yes
configure:11766: checking if libtool supports shared libraries
configure:11768: result: yes
configure:11771: checking whether to build shared libraries
configure:11792: result: yes
configure:11795: checking whether to build static libraries
configure:11799: result: yes
configure:11923: checking for pkg-config
configure:11941: found /usr/bin/pkg-config
configure:11953: result: /usr/bin/pkg-config
configure:11978: checking pkg-config is at least version 0.16
configure:11981: result: yes
configure:11998: checking for GLIB - version >= 2.35.0
configure:12113: gcc -o conftest -g -O2 -pthread -I/usr/include/glib-2.0 -I/usr/lib/glib-2.0/include     conftest.c -lgio-2.0 -lgobject-2.0 -lglib-2.0    >&5
configure:12113: $? = 0
configure:12113: ./conftest
configure:12113: $? = 0
configure:12127: result: yes (version 2.35.8)
configure:12205: checking for XML
configure:12212: $PKG_CONFIG --exists --print-errors "libxml-2.0"
configure:12215: $? = 0
configure:12229: $PKG_CONFIG --exists --print-errors "libxml-2.0"
configure:12232: $? = 0
configure:12290: result: yes
configure:12299: checking for SQLITE
configure:12306: $PKG_CONFIG --exists --print-errors "sqlite3"
configure:12309: $? = 0
configure:12323: $PKG_CONFIG --exists --print-errors "sqlite3"
configure:12326: $? = 0
configure:12384: result: yes
configure:12392: checking for Win32
configure:12403: result: no
configure:12415: checking whether NLS is requested
configure:12424: result: yes
configure:12442: checking for intltool >= 0.35.0
configure:12444: result: 0.50.2 found
configure:12452: checking for intltool-update
configure:12470: found /usr/bin/intltool-update
configure:12482: result: /usr/bin/intltool-update
configure:12492: checking for intltool-merge
configure:12510: found /usr/bin/intltool-merge
configure:12522: result: /usr/bin/intltool-merge
configure:12532: checking for intltool-extract
configure:12550: found /usr/bin/intltool-extract
configure:12562: result: /usr/bin/intltool-extract
configure:12716: checking for xgettext
configure:12734: found /usr/bin/xgettext
configure:12746: result: /usr/bin/xgettext
configure:12756: checking for msgmerge
configure:12774: found /usr/bin/msgmerge
configure:12786: result: /usr/bin/msgmerge
configure:12796: checking for msgfmt
configure:12814: found /usr/bin/msgfmt
configure:12826: result: /usr/bin/msgfmt
configure:12836: checking for gmsgfmt
configure:12867: result: /usr/bin/msgfmt
configure:12887: checking for perl
configure:12905: found /usr/bin/perl
configure:12917: result: /usr/bin/perl
configure:12928: checking for perl >= 5.8.1
configure:12935: result: 5.16.2
configure:12939: checking for XML::Parser
configure:12942: result: ok
configure:12967: gcc -o conftest -g -O2   conftest.c  >&5
configure:12967: $? = 0
configure:13003: checking for gmtime_r
configure:13003: gcc -o conftest -g -O2   conftest.c  >&5
configure:13003: $? = 0
configure:13003: result: yes
configure:13012: checking for socket
configure:13012: gcc -o conftest -g -O2   conftest.c  >&5
configure:13012: $? = 0
configure:13012: result: yes
configure:13064: checking whether to build libsoup-gnome
configure:13074: result: yes
configure:13099: checking for gtkdoc-check
configure:13117: found /usr/bin/gtkdoc-check
configure:13129: result: /usr/bin/gtkdoc-check
configure:13141: checking for gtkdoc-rebase
configure:13159: found /usr/bin/gtkdoc-rebase
configure:13171: result: /usr/bin/gtkdoc-rebase
configure:13185: checking for gtkdoc-mkpdf
configure:13203: found /usr/bin/gtkdoc-mkpdf
configure:13215: result: /usr/bin/gtkdoc-mkpdf
configure:13349: checking whether to build gtk-doc documentation
configure:13351: result: no
configure:13427: checking for gobject-introspection
configure:13458: $PKG_CONFIG --exists --print-errors "gobject-introspection-1.0 >= 0.9.5"
configure:13461: $? = 0
configure:13472: result: yes
configure:13510: checking for glib-networking (glib TLS implementation)
configure:13530: gcc -o conftest -g -O2 -pthread -I/usr/include/glib-2.0 -I/usr/lib/glib-2.0/include   -DGLIB_VERSION_MIN_REQUIRED=GLIB_VERSION_2_36   conftest.c  -lgio-2.0 -lgobject-2.0 -lglib-2.0   >&5
conftest.c: In function 'main':
conftest.c:30:1: warning: 'g_type_init' is deprecated (declared at /usr/include/glib-2.0/gobject/gtype.h:669) [-Wdeprecated-declarations]
 g_type_init (); return !g_tls_backend_supports_tls (g_tls_backend_get_default ());
 ^
configure:13530: $? = 0
configure:13530: ./conftest
configure:13530: $? = 0
configure:13541: result: yes
configure:13558: checking for programs needed for regression tests
configure:13575: checking for httpd2
configure:13609: result: no
configure:13575: checking for httpd
configure:13609: result: no
configure:13575: checking for apache2
configure:13609: result: no
configure:13575: checking for apache
configure:13609: result: no
configure:13821: checking for curl
configure:13839: found /usr/bin/curl
configure:13852: result: /usr/bin/curl
configure:14042: checking that generated files are newer than configure
configure:14048: result: done
configure:14131: creating ./config.status

## ---------------------- ##
## Running config.status. ##
## ---------------------- ##

This file was extended by libsoup config.status 2.41.5, which was
generated by GNU Autoconf 2.69.  Invocation command line was

  CONFIG_FILES    = 
  CONFIG_HEADERS  = 
  CONFIG_LINKS    = 
  CONFIG_COMMANDS = 
  $ ./config.status 

on ns2

config.status:1233: creating libsoup-2.4.pc
config.status:1233: creating libsoup-gnome-2.4.pc
config.status:1233: creating Makefile
config.status:1233: creating libsoup-zip
config.status:1233: creating libsoup/Makefile
config.status:1233: creating po/Makefile.in
config.status:1233: creating po/Makefile
config.status:1233: creating tests/Makefile
config.status:1233: creating docs/Makefile
config.status:1233: creating docs/reference/Makefile
config.status:1233: creating libsoup/soup-version.h
config.status:1233: creating config.h
config.status:1462: executing depfiles commands
config.status:1462: executing libtool commands
config.status:1462: executing po/stamp-it commands

## ---------------- ##
## Cache variables. ##
## ---------------- ##

ac_cv_build=i686-pc-linux-gnu
ac_cv_c_compiler_gnu=yes
ac_cv_env_CC_set=
ac_cv_env_CC_value=
ac_cv_env_CFLAGS_set=
ac_cv_env_CFLAGS_value=
ac_cv_env_CPPFLAGS_set=
ac_cv_env_CPPFLAGS_value=
ac_cv_env_CPP_set=
ac_cv_env_CPP_value=
ac_cv_env_GTKDOC_DEPS_CFLAGS_set=
ac_cv_env_GTKDOC_DEPS_CFLAGS_value=
ac_cv_env_GTKDOC_DEPS_LIBS_set=
ac_cv_env_GTKDOC_DEPS_LIBS_value=
ac_cv_env_LDFLAGS_set=
ac_cv_env_LDFLAGS_value=
ac_cv_env_LIBS_set=
ac_cv_env_LIBS_value=
ac_cv_env_PKG_CONFIG_LIBDIR_set=
ac_cv_env_PKG_CONFIG_LIBDIR_value=
ac_cv_env_PKG_CONFIG_PATH_set=set
ac_cv_env_PKG_CONFIG_PATH_value=:/usr/X11R7/lib/pkgconfig/
ac_cv_env_PKG_CONFIG_set=
ac_cv_env_PKG_CONFIG_value=
ac_cv_env_SQLITE_CFLAGS_set=
ac_cv_env_SQLITE_CFLAGS_value=
ac_cv_env_SQLITE_LIBS_set=
ac_cv_env_SQLITE_LIBS_value=
ac_cv_env_XML_CFLAGS_set=
ac_cv_env_XML_CFLAGS_value=
ac_cv_env_XML_LIBS_set=
ac_cv_env_XML_LIBS_value=
ac_cv_env_build_alias_set=
ac_cv_env_build_alias_value=
ac_cv_env_host_alias_set=
ac_cv_env_host_alias_value=
ac_cv_env_target_alias_set=
ac_cv_env_target_alias_value=
ac_cv_func_gmtime_r=yes
ac_cv_func_socket=yes
ac_cv_header_dlfcn_h=yes
ac_cv_header_inttypes_h=yes
ac_cv_header_memory_h=yes
ac_cv_header_stdc=yes
ac_cv_header_stdint_h=yes
ac_cv_header_stdlib_h=yes
ac_cv_header_string_h=yes
ac_cv_header_strings_h=yes
ac_cv_header_sys_stat_h=yes
ac_cv_header_sys_types_h=yes
ac_cv_header_unistd_h=yes
ac_cv_host=i686-pc-linux-gnu
ac_cv_objext=o
ac_cv_path_CURL=/usr/bin/curl
ac_cv_path_EGREP='/usr/bin/grep -E'
ac_cv_path_FGREP='/usr/bin/grep -F'
ac_cv_path_GMSGFMT=/usr/bin/msgfmt
ac_cv_path_GREP=/usr/bin/grep
ac_cv_path_GTKDOC_CHECK=/usr/bin/gtkdoc-check
ac_cv_path_GTKDOC_MKPDF=/usr/bin/gtkdoc-mkpdf
ac_cv_path_GTKDOC_REBASE=/usr/bin/gtkdoc-rebase
ac_cv_path_INTLTOOL_EXTRACT=/usr/bin/intltool-extract
ac_cv_path_INTLTOOL_MERGE=/usr/bin/intltool-merge
ac_cv_path_INTLTOOL_PERL=/usr/bin/perl
ac_cv_path_INTLTOOL_UPDATE=/usr/bin/intltool-update
ac_cv_path_MSGFMT=/usr/bin/msgfmt
ac_cv_path_MSGMERGE=/usr/bin/msgmerge
ac_cv_path_SED=/usr/bin/sed
ac_cv_path_XGETTEXT=/usr/bin/xgettext
ac_cv_path_ac_pt_PKG_CONFIG=/usr/bin/pkg-config
ac_cv_path_install='/usr/bin/ginstall -c'
ac_cv_path_mkdir=/usr/bin/mkdir
ac_cv_prog_AWK=gawk
ac_cv_prog_CPP='gcc -E'
ac_cv_prog_ac_ct_AR=ar
ac_cv_prog_ac_ct_CC=gcc
ac_cv_prog_ac_ct_MANIFEST_TOOL=mt
ac_cv_prog_ac_ct_OBJDUMP=objdump
ac_cv_prog_ac_ct_RANLIB=ranlib
ac_cv_prog_ac_ct_STRIP=strip
ac_cv_prog_cc_c89=
ac_cv_prog_cc_g=yes
ac_cv_prog_make_make_set=yes
am_cv_CC_dependencies_compiler_type=gcc3
am_cv_make_support_nested_variables=yes
lt_cv_ar_at_file=@
lt_cv_archive_cmds_need_lc=no
lt_cv_deplibs_check_method=pass_all
lt_cv_file_magic_cmd='$MAGIC_CMD'
lt_cv_file_magic_test_file=
lt_cv_ld_reload_flag=-r
lt_cv_nm_interface='BSD nm'
lt_cv_objdir=.libs
lt_cv_path_LD=/usr/i686-linux-gnu/bin/ld
lt_cv_path_NM='/usr/bin/nm -B'
lt_cv_path_mainfest_tool=no
lt_cv_prog_compiler_c_o=yes
lt_cv_prog_compiler_pic='-fPIC -DPIC'
lt_cv_prog_compiler_pic_works=yes
lt_cv_prog_compiler_rtti_exceptions=no
lt_cv_prog_compiler_static_works=yes
lt_cv_prog_gnu_ld=yes
lt_cv_sharedlib_from_linklib_cmd='printf %s\n'
lt_cv_shlibpath_overrides_runpath=no
lt_cv_sys_global_symbol_pipe='sed -n -e '\''s/^.*[	 ]\([ABCDGIRSTW][ABCDGIRSTW]*\)[	 ][	 ]*\([_A-Za-z][_A-Za-z0-9]*\)$/\1 \2 \2/p'\'' | sed '\''/ __gnu_lto/d'\'''
lt_cv_sys_global_symbol_to_c_name_address='sed -n -e '\''s/^: \([^ ]*\)[ ]*$/  {\"\1\", (void *) 0},/p'\'' -e '\''s/^[ABCDGIRSTW]* \([^ ]*\) \([^ ]*\)$/  {"\2", (void *) \&\2},/p'\'''
lt_cv_sys_global_symbol_to_c_name_address_lib_prefix='sed -n -e '\''s/^: \([^ ]*\)[ ]*$/  {\"\1\", (void *) 0},/p'\'' -e '\''s/^[ABCDGIRSTW]* \([^ ]*\) \(lib[^ ]*\)$/  {"\2", (void *) \&\2},/p'\'' -e '\''s/^[ABCDGIRSTW]* \([^ ]*\) \([^ ]*\)$/  {"lib\2", (void *) \&\2},/p'\'''
lt_cv_sys_global_symbol_to_cdecl='sed -n -e '\''s/^T .* \(.*\)$/extern int \1();/p'\'' -e '\''s/^[ABCDGIRSTW]* .* \(.*\)$/extern char \1;/p'\'''
lt_cv_sys_max_cmd_len=1572864
lt_cv_to_host_file_cmd=func_convert_file_noop
lt_cv_to_tool_file_cmd=func_convert_file_noop
pkg_cv_SQLITE_CFLAGS=' '
pkg_cv_SQLITE_LIBS='-lsqlite3  '
pkg_cv_XML_CFLAGS='-I/usr/include/libxml2  '
pkg_cv_XML_LIBS='-lxml2  '

## ----------------- ##
## Output variables. ##
## ----------------- ##

ACLOCAL='${SHELL} /usr/src/libsoup/libsoup/missing aclocal-1.13'
ALL_LINGUAS=''
AMDEPBACKSLASH='\'
AMDEP_FALSE='#'
AMDEP_TRUE=''
AMTAR='$${TAR-tar}'
AM_BACKSLASH='\'
AM_DEFAULT_V='$(AM_DEFAULT_VERBOSITY)'
AM_DEFAULT_VERBOSITY='0'
AM_V='$(V)'
APACHE_HTTPD='no'
APACHE_MODULE_DIR=''
APACHE_PHP_MODULE=''
APACHE_PHP_MODULE_DIR=''
APACHE_SSL_MODULE_DIR=''
AR='ar'
AS='as'
AUTOCONF='${SHELL} /usr/src/libsoup/libsoup/missing autoconf'
AUTOHEADER='${SHELL} /usr/src/libsoup/libsoup/missing autoheader'
AUTOMAKE='${SHELL} /usr/src/libsoup/libsoup/missing automake-1.13'
AWK='gawk'
BUILD_LIBSOUP_GNOME_FALSE='#'
BUILD_LIBSOUP_GNOME_TRUE=''
CC='gcc'
CCDEPMODE='depmode=gcc3'
CFLAGS='-g -O2 		-Wall -Wstrict-prototypes -Werror=missing-prototypes 		-Werror=implicit-function-declaration 		-Werror=pointer-arith -Werror=init-self -Werror=format=2 		-Werror=missing-include-dirs -Werror=aggregate-return 		-Werror=declaration-after-statement'
CPP='gcc -E'
CPPFLAGS=''
CURL='/usr/bin/curl'
CYGPATH_W='echo'
DATADIRNAME='share'
DEFS='-DHAVE_CONFIG_H'
DEPDIR='.deps'
DLLTOOL='false'
DSYMUTIL=''
DUMPBIN=''
ECHO_C=''
ECHO_N='-n'
ECHO_T=''
EGREP='/usr/bin/grep -E'
ENABLE_GTK_DOC_FALSE=''
ENABLE_GTK_DOC_TRUE='#'
EXEEXT=''
FGREP='/usr/bin/grep -F'
GETTEXT_PACKAGE='libsoup'
GLIB_CFLAGS='-pthread -I/usr/include/glib-2.0 -I/usr/lib/glib-2.0/include   -DGLIB_VERSION_MIN_REQUIRED=GLIB_VERSION_2_36'
GLIB_COMPILE_RESOURCES='glib-compile-resources'
GLIB_GENMARSHAL='glib-genmarshal'
GLIB_LIBS='-lgio-2.0 -lgobject-2.0 -lglib-2.0  '
GLIB_MAKEFILE='$(top_srcdir)/Makefile.glib'
GLIB_MKENUMS='glib-mkenums'
GMSGFMT='/usr/bin/msgfmt'
GOBJECT_QUERY='gobject-query'
GREP='/usr/bin/grep'
GTKDOC_CHECK='/usr/bin/gtkdoc-check'
GTKDOC_DEPS_CFLAGS=''
GTKDOC_DEPS_LIBS=''
GTKDOC_MKPDF='/usr/bin/gtkdoc-mkpdf'
GTKDOC_REBASE='/usr/bin/gtkdoc-rebase'
GTK_DOC_BUILD_HTML_FALSE='#'
GTK_DOC_BUILD_HTML_TRUE=''
GTK_DOC_BUILD_PDF_FALSE=''
GTK_DOC_BUILD_PDF_TRUE='#'
GTK_DOC_USE_LIBTOOL_FALSE='#'
GTK_DOC_USE_LIBTOOL_TRUE=''
GTK_DOC_USE_REBASE_FALSE='#'
GTK_DOC_USE_REBASE_TRUE=''
HAVE_APACHE_2_2_FALSE=''
HAVE_APACHE_2_2_TRUE='#'
HAVE_APACHE_2_4_FALSE=''
HAVE_APACHE_2_4_TRUE='#'
HAVE_APACHE_FALSE=''
HAVE_APACHE_TRUE='#'
HAVE_CURL_FALSE='#'
HAVE_CURL_TRUE=''
HAVE_GNOME=''
HAVE_INTROSPECTION_FALSE='#'
HAVE_INTROSPECTION_TRUE=''
HAVE_XMLRPC_PHP_FALSE=''
HAVE_XMLRPC_PHP_TRUE='#'
HTML_DIR='${datadir}/gtk-doc/html'
IF_HAVE_PHP=''
INSTALL_DATA='${INSTALL} -m 644'
INSTALL_PROGRAM='${INSTALL}'
INSTALL_SCRIPT='${INSTALL}'
INSTALL_STRIP_PROGRAM='$(install_sh) -c -s'
INTLTOOL_CAVES_RULE='%.caves:     %.caves.in     $(INTLTOOL_MERGE) $(wildcard $(top_srcdir)/po/*.po) ; $(INTLTOOL_V_MERGE)LC_ALL=C $(INTLTOOL_MERGE) $(INTLTOOL_V_MERGE_OPTIONS) -d -u -c $(top_builddir)/po/.intltool-merge-cache $(top_srcdir)/po $< $@'
INTLTOOL_DESKTOP_RULE='%.desktop:   %.desktop.in   $(INTLTOOL_MERGE) $(wildcard $(top_srcdir)/po/*.po) ; $(INTLTOOL_V_MERGE)LC_ALL=C $(INTLTOOL_MERGE) $(INTLTOOL_V_MERGE_OPTIONS) -d -u -c $(top_builddir)/po/.intltool-merge-cache $(top_srcdir)/po $< $@'
INTLTOOL_DIRECTORY_RULE='%.directory: %.directory.in $(INTLTOOL_MERGE) $(wildcard $(top_srcdir)/po/*.po) ; $(INTLTOOL_V_MERGE)LC_ALL=C $(INTLTOOL_MERGE) $(INTLTOOL_V_MERGE_OPTIONS) -d -u -c $(top_builddir)/po/.intltool-merge-cache $(top_srcdir)/po $< $@'
INTLTOOL_EXTRACT='/usr/bin/intltool-extract'
INTLTOOL_KBD_RULE='%.kbd:       %.kbd.in       $(INTLTOOL_MERGE) $(wildcard $(top_srcdir)/po/*.po) ; $(INTLTOOL_V_MERGE)LC_ALL=C $(INTLTOOL_MERGE) $(INTLTOOL_V_MERGE_OPTIONS) -x -u -m -c $(top_builddir)/po/.intltool-merge-cache $(top_srcdir)/po $< $@'
INTLTOOL_KEYS_RULE='%.keys:      %.keys.in      $(INTLTOOL_MERGE) $(wildcard $(top_srcdir)/po/*.po) ; $(INTLTOOL_V_MERGE)LC_ALL=C $(INTLTOOL_MERGE) $(INTLTOOL_V_MERGE_OPTIONS) -k -u -c $(top_builddir)/po/.intltool-merge-cache $(top_srcdir)/po $< $@'
INTLTOOL_MERGE='/usr/bin/intltool-merge'
INTLTOOL_OAF_RULE='%.oaf:       %.oaf.in       $(INTLTOOL_MERGE) $(wildcard $(top_srcdir)/po/*.po) ; $(INTLTOOL_V_MERGE)LC_ALL=C $(INTLTOOL_MERGE) $(INTLTOOL_V_MERGE_OPTIONS) -o -p $(top_srcdir)/po $< $@'
INTLTOOL_PERL='/usr/bin/perl'
INTLTOOL_POLICY_RULE='%.policy:    %.policy.in    $(INTLTOOL_MERGE) $(wildcard $(top_srcdir)/po/*.po) ; $(INTLTOOL_V_MERGE)LC_ALL=C $(INTLTOOL_MERGE) $(INTLTOOL_V_MERGE_OPTIONS) -x -u -c $(top_builddir)/po/.intltool-merge-cache $(top_srcdir)/po $< $@'
INTLTOOL_PONG_RULE='%.pong:      %.pong.in      $(INTLTOOL_MERGE) $(wildcard $(top_srcdir)/po/*.po) ; $(INTLTOOL_V_MERGE)LC_ALL=C $(INTLTOOL_MERGE) $(INTLTOOL_V_MERGE_OPTIONS) -x -u -c $(top_builddir)/po/.intltool-merge-cache $(top_srcdir)/po $< $@'
INTLTOOL_PROP_RULE='%.prop:      %.prop.in      $(INTLTOOL_MERGE) $(wildcard $(top_srcdir)/po/*.po) ; $(INTLTOOL_V_MERGE)LC_ALL=C $(INTLTOOL_MERGE) $(INTLTOOL_V_MERGE_OPTIONS) -d -u -c $(top_builddir)/po/.intltool-merge-cache $(top_srcdir)/po $< $@'
INTLTOOL_SCHEMAS_RULE='%.schemas:   %.schemas.in   $(INTLTOOL_MERGE) $(wildcard $(top_srcdir)/po/*.po) ; $(INTLTOOL_V_MERGE)LC_ALL=C $(INTLTOOL_MERGE) $(INTLTOOL_V_MERGE_OPTIONS) -s -u -c $(top_builddir)/po/.intltool-merge-cache $(top_srcdir)/po $< $@'
INTLTOOL_SERVER_RULE='%.server:    %.server.in    $(INTLTOOL_MERGE) $(wildcard $(top_srcdir)/po/*.po) ; $(INTLTOOL_V_MERGE)LC_ALL=C $(INTLTOOL_MERGE) $(INTLTOOL_V_MERGE_OPTIONS) -o -u -c $(top_builddir)/po/.intltool-merge-cache $(top_srcdir)/po $< $@'
INTLTOOL_SERVICE_RULE='%.service: %.service.in   $(INTLTOOL_MERGE) $(wildcard $(top_srcdir)/po/*.po) ; $(INTLTOOL_V_MERGE)LC_ALL=C $(INTLTOOL_MERGE) $(INTLTOOL_V_MERGE_OPTIONS) -d -u -c $(top_builddir)/po/.intltool-merge-cache $(top_srcdir)/po $< $@'
INTLTOOL_SHEET_RULE='%.sheet:     %.sheet.in     $(INTLTOOL_MERGE) $(wildcard $(top_srcdir)/po/*.po) ; $(INTLTOOL_V_MERGE)LC_ALL=C $(INTLTOOL_MERGE) $(INTLTOOL_V_MERGE_OPTIONS) -x -u -c $(top_builddir)/po/.intltool-merge-cache $(top_srcdir)/po $< $@'
INTLTOOL_SOUNDLIST_RULE='%.soundlist: %.soundlist.in $(INTLTOOL_MERGE) $(wildcard $(top_srcdir)/po/*.po) ; $(INTLTOOL_V_MERGE)LC_ALL=C $(INTLTOOL_MERGE) $(INTLTOOL_V_MERGE_OPTIONS) -d -u -c $(top_builddir)/po/.intltool-merge-cache $(top_srcdir)/po $< $@'
INTLTOOL_THEME_RULE='%.theme:     %.theme.in     $(INTLTOOL_MERGE) $(wildcard $(top_srcdir)/po/*.po) ; $(INTLTOOL_V_MERGE)LC_ALL=C $(INTLTOOL_MERGE) $(INTLTOOL_V_MERGE_OPTIONS) -d -u -c $(top_builddir)/po/.intltool-merge-cache $(top_srcdir)/po $< $@'
INTLTOOL_UI_RULE='%.ui:        %.ui.in        $(INTLTOOL_MERGE) $(wildcard $(top_srcdir)/po/*.po) ; $(INTLTOOL_V_MERGE)LC_ALL=C $(INTLTOOL_MERGE) $(INTLTOOL_V_MERGE_OPTIONS) -x -u -c $(top_builddir)/po/.intltool-merge-cache $(top_srcdir)/po $< $@'
INTLTOOL_UPDATE='/usr/bin/intltool-update'
INTLTOOL_V_MERGE='$(INTLTOOL__v_MERGE_$(V))'
INTLTOOL_V_MERGE_OPTIONS='$(intltool__v_merge_options_$(V))'
INTLTOOL_XAM_RULE='%.xam:       %.xml.in       $(INTLTOOL_MERGE) $(wildcard $(top_srcdir)/po/*.po) ; $(INTLTOOL_V_MERGE)LC_ALL=C $(INTLTOOL_MERGE) $(INTLTOOL_V_MERGE_OPTIONS) -x -u -c $(top_builddir)/po/.intltool-merge-cache $(top_srcdir)/po $< $@'
INTLTOOL_XML_NOMERGE_RULE='%.xml:       %.xml.in       $(INTLTOOL_MERGE) ; $(INTLTOOL_V_MERGE)LC_ALL=C $(INTLTOOL_MERGE) $(INTLTOOL_V_MERGE_OPTIONS) -x -u --no-translations $< $@'
INTLTOOL_XML_RULE='%.xml:       %.xml.in       $(INTLTOOL_MERGE) $(wildcard $(top_srcdir)/po/*.po) ; $(INTLTOOL_V_MERGE)LC_ALL=C $(INTLTOOL_MERGE) $(INTLTOOL_V_MERGE_OPTIONS) -x -u -c $(top_builddir)/po/.intltool-merge-cache $(top_srcdir)/po $< $@'
INTLTOOL__v_MERGE_0='@echo "  ITMRG " $@;'
INTLTOOL__v_MERGE_='$(INTLTOOL__v_MERGE_$(AM_DEFAULT_VERBOSITY))'
INTROSPECTION_CFLAGS='-pthread -I/usr/include/gobject-introspection-1.0 -I/usr/lib/libffi-3.0.13/include -I/usr/include/glib-2.0 -I/usr/lib/glib-2.0/include  '
INTROSPECTION_COMPILER='/usr/bin/g-ir-compiler'
INTROSPECTION_GENERATE='/usr/bin/g-ir-generate'
INTROSPECTION_GIRDIR='/usr/share/gir-1.0'
INTROSPECTION_LIBS='-lgirepository-1.0 -lgobject-2.0 -lglib-2.0  '
INTROSPECTION_MAKEFILE='/usr/share/gobject-introspection-1.0/Makefile.introspection'
INTROSPECTION_SCANNER='/usr/bin/g-ir-scanner'
INTROSPECTION_TYPELIBDIR='/usr/lib/girepository-1.0'
LD='/usr/i686-linux-gnu/bin/ld'
LDFLAGS=''
LIBOBJS=''
LIBS=''
LIBTOOL='$(SHELL) $(top_builddir)/libtool'
LIPO=''
LN_S='ln -s'
LTLIBOBJS=''
MAKEINFO='${SHELL} /usr/src/libsoup/libsoup/missing makeinfo'
MANIFEST_TOOL=':'
MISSING_REGRESSION_TEST_PACKAGES=' apache'
MISSING_REGRESSION_TEST_PACKAGES_FALSE='#'
MISSING_REGRESSION_TEST_PACKAGES_TRUE=''
MKDIR_P='/usr/bin/mkdir -p'
MSGFMT='/usr/bin/msgfmt'
MSGMERGE='/usr/bin/msgmerge'
NM='/usr/bin/nm -B'
NMEDIT=''
OBJDUMP='objdump'
OBJEXT='o'
OS_WIN32_FALSE=''
OS_WIN32_TRUE='#'
OTOOL64=''
OTOOL=''
PACKAGE='libsoup'
PACKAGE_BUGREPORT='http://bugzilla.gnome.org/enter_bug.cgi?product=libsoup'
PACKAGE_NAME='libsoup'
PACKAGE_STRING='libsoup 2.41.5'
PACKAGE_TARNAME='libsoup'
PACKAGE_URL=''
PACKAGE_VERSION='2.41.5'
PATH_SEPARATOR=':'
PHP=''
PKG_CONFIG='/usr/bin/pkg-config'
PKG_CONFIG_LIBDIR=''
PKG_CONFIG_PATH=':/usr/X11R7/lib/pkgconfig/'
RANLIB='ranlib'
SED='/usr/bin/sed'
SET_MAKE=''
SHELL='/bin/sh'
SOUP_AGE='5'
SOUP_API_VERSION='2.4'
SOUP_CURRENT='6'
SOUP_DEBUG_FLAGS=''
SOUP_MAINTAINER_FLAGS=''
SOUP_MAJOR_VERSION='2'
SOUP_MICRO_VERSION='5'
SOUP_MINOR_VERSION='41'
SOUP_REVISION='0'
SQLITE_CFLAGS=' '
SQLITE_LIBS='-lsqlite3  '
STRIP='strip'
USE_NLS='yes'
VERSION='2.41.5'
XGETTEXT='/usr/bin/xgettext'
XML_CFLAGS='-I/usr/include/libxml2  '
XML_LIBS='-lxml2  '
ac_ct_AR='ar'
ac_ct_CC='gcc'
ac_ct_DUMPBIN=''
am__EXEEXT_FALSE=''
am__EXEEXT_TRUE='#'
am__fastdepCC_FALSE='#'
am__fastdepCC_TRUE=''
am__include='include'
am__isrc=''
am__leading_dot='.'
am__nodep='_no'
am__quote=''
am__tar='$${TAR-tar} chof - "$$tardir"'
am__untar='$${TAR-tar} xf -'
bindir='${exec_prefix}/bin'
build='i686-pc-linux-gnu'
build_alias=''
build_cpu='i686'
build_os='linux-gnu'
build_vendor='pc'
datadir='${datarootdir}'
datarootdir='${prefix}/share'
docdir='${datarootdir}/doc/${PACKAGE_TARNAME}'
dvidir='${docdir}'
exec_prefix='${prefix}'
host='i686-pc-linux-gnu'
host_alias=''
host_cpu='i686'
host_os='linux-gnu'
host_vendor='pc'
htmldir='${docdir}'
includedir='${prefix}/include'
infodir='${datarootdir}/info'
install_sh='${SHELL} /usr/src/libsoup/libsoup/install-sh'
intltool__v_merge_options_0='-q'
intltool__v_merge_options_='$(intltool__v_merge_options_$(AM_DEFAULT_VERBOSITY))'
libdir='${exec_prefix}/lib'
libexecdir='${exec_prefix}/libexec'
localedir='${datarootdir}/locale'
localstatedir='${prefix}/var'
mandir='${datarootdir}/man'
mkdir_p='$(MKDIR_P)'
ntlm_auth='/usr/bin/ntlm_auth'
oldincludedir='/usr/include'
pdfdir='${docdir}'
prefix='/usr/local'
program_transform_name='s,x,x,'
psdir='${docdir}'
sbindir='${exec_prefix}/sbin'
sharedstatedir='${prefix}/com'
sysconfdir='${prefix}/etc'
target_alias=''

## ----------- ##
## confdefs.h. ##
## ----------- ##

/* confdefs.h */
#define PACKAGE_NAME "libsoup"
#define PACKAGE_TARNAME "libsoup"
#define PACKAGE_VERSION "2.41.5"
#define PACKAGE_STRING "libsoup 2.41.5"
#define PACKAGE_BUGREPORT "http://bugzilla.gnome.org/enter_bug.cgi?product=libsoup"
#define PACKAGE_URL ""
#define PACKAGE "libsoup"
#define VERSION "2.41.5"
#define STDC_HEADERS 1
#define HAVE_SYS_TYPES_H 1
#define HAVE_SYS_STAT_H 1
#define HAVE_STDLIB_H 1
#define HAVE_STRING_H 1
#define HAVE_MEMORY_H 1
#define HAVE_STRINGS_H 1
#define HAVE_INTTYPES_H 1
#define HAVE_STDINT_H 1
#define HAVE_UNISTD_H 1
#define HAVE_DLFCN_H 1
#define LT_OBJDIR ".libs/"
#define GETTEXT_PACKAGE "libsoup"
#define HAVE_GMTIME_R 1
#define HAVE_GNOME 1
#define APACHE_HTTPD "no"
#define HAVE_CURL 1
#define USE_NTLM_AUTH 1
#define NTLM_AUTH "/usr/bin/ntlm_auth"

configure: exit 0
